This file contains any messages produced by compilers while
running configure, to aid debugging if configure makes a mistake.

It was created by configure, which was
generated by GNU Autoconf 2.59.  Invocation command line was

  $ ./configure 

## --------- ##
## Platform. ##
## --------- ##

hostname = HelloThere
uname -m = x86_64
uname -r = 3.0.0-15-generic
uname -s = Linux
uname -v = #26-Ubuntu SMP Fri Jan 20 17:23:00 UTC 2012

/usr/bin/uname -p = unknown
/bin/uname -X     = unknown

/bin/arch              = unknown
/usr/bin/arch -k       = unknown
/usr/convex/getsysinfo = unknown
hostinfo               = unknown
/bin/machine           = unknown
/usr/bin/oslevel       = unknown
/bin/universe          = unknown

PATH: /usr/lib/lightdm/lightdm
PATH: /usr/local/sbin
PATH: /usr/local/bin
PATH: /usr/sbin
PATH: /usr/bin
PATH: /sbin
PATH: /bin
PATH: /usr/games


## ----------- ##
## Core tests. ##
## ----------- ##

configure:1359: checking for a BSD-compatible install
configure:1414: result: /usr/bin/install -c
configure:1425: checking whether build environment is sane
configure:1468: result: yes
configure:1525: checking for gawk
configure:1554: result: no
configure:1525: checking for mawk
configure:1541: found /usr/bin/mawk
configure:1551: result: mawk
configure:1561: checking whether make sets $(MAKE)
configure:1581: result: yes
configure:1753: checking for style of include used by make
configure:1781: result: GNU
configure:1852: checking for gcc
configure:1868: found /usr/bin/gcc
configure:1878: result: gcc
configure:2122: checking for C compiler version
configure:2125: gcc --version </dev/null >&5
gcc (Ubuntu/Linaro 4.6.1-9ubuntu3) 4.6.1
Copyright (C) 2011 Free Software Foundation, Inc.
This is free software; see the source for copying conditions.  There is NO
warranty; not even for MERCHANTABILITY or FITNESS FOR A PARTICULAR PURPOSE.

configure:2128: $? = 0
configure:2130: gcc -v </dev/null >&5
Using built-in specs.
COLLECT_GCC=gcc
COLLECT_LTO_WRAPPER=/usr/lib/gcc/x86_64-linux-gnu/4.6.1/lto-wrapper
Target: x86_64-linux-gnu
Configured with: ../src/configure -v --with-pkgversion='Ubuntu/Linaro 4.6.1-9ubuntu3' --with-bugurl=file:///usr/share/doc/gcc-4.6/README.Bugs --enable-languages=c,c++,fortran,objc,obj-c++,go --prefix=/usr --program-suffix=-4.6 --enable-shared --enable-linker-build-id --with-system-zlib --libexecdir=/usr/lib --without-included-gettext --enable-threads=posix --with-gxx-include-dir=/usr/include/c++/4.6 --libdir=/usr/lib --enable-nls --with-sysroot=/ --enable-clocale=gnu --enable-libstdcxx-debug --enable-libstdcxx-time=yes --enable-plugin --enable-objc-gc --disable-werror --with-arch-32=i686 --with-tune=generic --enable-checking=release --build=x86_64-linux-gnu --host=x86_64-linux-gnu --target=x86_64-linux-gnu
Thread model: posix
gcc version 4.6.1 (Ubuntu/Linaro 4.6.1-9ubuntu3) 
configure:2133: $? = 0
configure:2135: gcc -V </dev/null >&5
gcc: error: unrecognized option '-V'
gcc: fatal error: no input files
compilation terminated.
configure:2138: $? = 4
configure:2161: checking for C compiler default output file name
configure:2164: gcc    conftest.c  -L/usr/X11R6/lib >&5
configure:2167: $? = 0
configure:2213: result: a.out
configure:2218: checking whether the C compiler works
configure:2224: ./a.out
configure:2227: $? = 0
configure:2244: result: yes
configure:2251: checking whether we are cross compiling
configure:2253: result: no
configure:2256: checking for suffix of executables
configure:2258: gcc -o conftest    conftest.c  -L/usr/X11R6/lib >&5
configure:2261: $? = 0
configure:2286: result: 
configure:2292: checking for suffix of object files
configure:2313: gcc -c   conftest.c >&5
configure:2316: $? = 0
configure:2338: result: o
configure:2342: checking whether we are using the GNU C compiler
configure:2366: gcc -c   conftest.c >&5
configure:2372: $? = 0
configure:2376: test -z 
			 || test ! -s conftest.err
configure:2379: $? = 0
configure:2382: test -s conftest.o
configure:2385: $? = 0
configure:2398: result: yes
configure:2404: checking whether gcc accepts -g
configure:2425: gcc -c -g  conftest.c >&5
configure:2431: $? = 0
configure:2435: test -z 
			 || test ! -s conftest.err
configure:2438: $? = 0
configure:2441: test -s conftest.o
configure:2444: $? = 0
configure:2455: result: yes
configure:2472: checking for gcc option to accept ANSI C
configure:2542: gcc  -c -g -O2  conftest.c >&5
configure:2548: $? = 0
configure:2552: test -z 
			 || test ! -s conftest.err
configure:2555: $? = 0
configure:2558: test -s conftest.o
configure:2561: $? = 0
configure:2579: result: none needed
configure:2597: gcc -c -g -O2  conftest.c >&5
conftest.c:2:3: error: unknown type name 'choke'
conftest.c:2:3: error: expected '=', ',', ';', 'asm' or '__attribute__' at end of input
configure:2603: $? = 1
configure: failed program was:
| #ifndef __cplusplus
|   choke me
| #endif
configure:2738: checking dependency style of gcc
configure:2823: result: gcc3
configure:2846: checking how to run the C preprocessor
configure:2881: gcc -E  conftest.c
configure:2887: $? = 0
configure:2919: gcc -E  conftest.c
conftest.c:9:28: fatal error: ac_nonexistent.h: No such file or directory
compilation terminated.
configure:2925: $? = 1
configure: failed program was:
| /* confdefs.h.  */
| 
| #define PACKAGE_NAME ""
| #define PACKAGE_TARNAME ""
| #define PACKAGE_VERSION ""
| #define PACKAGE_STRING ""
| #define PACKAGE_BUGREPORT ""
| /* end confdefs.h.  */
| #include <ac_nonexistent.h>
configure:2964: result: gcc -E
configure:2988: gcc -E  conftest.c
configure:2994: $? = 0
configure:3026: gcc -E  conftest.c
conftest.c:9:28: fatal error: ac_nonexistent.h: No such file or directory
compilation terminated.
configure:3032: $? = 1
configure: failed program was:
| /* confdefs.h.  */
| 
| #define PACKAGE_NAME ""
| #define PACKAGE_TARNAME ""
| #define PACKAGE_VERSION ""
| #define PACKAGE_STRING ""
| #define PACKAGE_BUGREPORT ""
| /* end confdefs.h.  */
| #include <ac_nonexistent.h>
configure:3076: checking for X
configure:3181: gcc -E  conftest.c
conftest.c:9:27: fatal error: X11/Intrinsic.h: No such file or directory
compilation terminated.
configure:3187: $? = 1
configure: failed program was:
| /* confdefs.h.  */
| 
| #define PACKAGE_NAME ""
| #define PACKAGE_TARNAME ""
| #define PACKAGE_VERSION ""
| #define PACKAGE_STRING ""
| #define PACKAGE_BUGREPORT ""
| /* end confdefs.h.  */
| #include <X11/Intrinsic.h>
configure:3237: gcc -o conftest -g -O2   conftest.c -lXt  -L/usr/X11R6/lib >&5
conftest.c:9:27: fatal error: X11/Intrinsic.h: No such file or directory
compilation terminated.
configure:3243: $? = 1
configure: failed program was:
| /* confdefs.h.  */
| 
| #define PACKAGE_NAME ""
| #define PACKAGE_TARNAME ""
| #define PACKAGE_VERSION ""
| #define PACKAGE_STRING ""
| #define PACKAGE_BUGREPORT ""
| /* end confdefs.h.  */
| #include <X11/Intrinsic.h>
| int
| main ()
| {
| XtMalloc (0)
|   ;
|   return 0;
| }
configure:3296: result: no
configure:4544: checking for g++
configure:4560: found /usr/bin/g++
configure:4570: result: g++
configure:4586: checking for C++ compiler version
configure:4589: g++ --version </dev/null >&5
g++ (Ubuntu/Linaro 4.6.1-9ubuntu3) 4.6.1
Copyright (C) 2011 Free Software Foundation, Inc.
This is free software; see the source for copying conditions.  There is NO
warranty; not even for MERCHANTABILITY or FITNESS FOR A PARTICULAR PURPOSE.

configure:4592: $? = 0
configure:4594: g++ -v </dev/null >&5
Using built-in specs.
COLLECT_GCC=g++
COLLECT_LTO_WRAPPER=/usr/lib/gcc/x86_64-linux-gnu/4.6.1/lto-wrapper
Target: x86_64-linux-gnu
Configured with: ../src/configure -v --with-pkgversion='Ubuntu/Linaro 4.6.1-9ubuntu3' --with-bugurl=file:///usr/share/doc/gcc-4.6/README.Bugs --enable-languages=c,c++,fortran,objc,obj-c++,go --prefix=/usr --program-suffix=-4.6 --enable-shared --enable-linker-build-id --with-system-zlib --libexecdir=/usr/lib --without-included-gettext --enable-threads=posix --with-gxx-include-dir=/usr/include/c++/4.6 --libdir=/usr/lib --enable-nls --with-sysroot=/ --enable-clocale=gnu --enable-libstdcxx-debug --enable-libstdcxx-time=yes --enable-plugin --enable-objc-gc --disable-werror --with-arch-32=i686 --with-tune=generic --enable-checking=release --build=x86_64-linux-gnu --host=x86_64-linux-gnu --target=x86_64-linux-gnu
Thread model: posix
gcc version 4.6.1 (Ubuntu/Linaro 4.6.1-9ubuntu3) 
configure:4597: $? = 0
configure:4599: g++ -V </dev/null >&5
g++: error: unrecognized option '-V'
g++: fatal error: no input files
compilation terminated.
configure:4602: $? = 4
configure:4605: checking whether we are using the GNU C++ compiler
configure:4629: g++ -c   conftest.cc >&5
configure:4635: $? = 0
configure:4639: test -z 
			 || test ! -s conftest.err
configure:4642: $? = 0
configure:4645: test -s conftest.o
configure:4648: $? = 0
configure:4661: result: yes
configure:4667: checking whether g++ accepts -g
configure:4688: g++ -c -g  conftest.cc >&5
configure:4694: $? = 0
configure:4698: test -z 
			 || test ! -s conftest.err
configure:4701: $? = 0
configure:4704: test -s conftest.o
configure:4707: $? = 0
configure:4718: result: yes
configure:4760: g++ -c -g -O2  conftest.cc >&5
configure:4766: $? = 0
configure:4770: test -z 
			 || test ! -s conftest.err
configure:4773: $? = 0
configure:4776: test -s conftest.o
configure:4779: $? = 0
configure:4805: g++ -c -g -O2  conftest.cc >&5
conftest.cc: In function 'int main()':
conftest.cc:14:9: error: 'exit' was not declared in this scope
configure:4811: $? = 1
configure: failed program was:
| /* confdefs.h.  */
| 
| #define PACKAGE_NAME ""
| #define PACKAGE_TARNAME ""
| #define PACKAGE_VERSION ""
| #define PACKAGE_STRING ""
| #define PACKAGE_BUGREPORT ""
| #define X_DISPLAY_MISSING 1
| /* end confdefs.h.  */
| 
| int
| main ()
| {
| exit (42);
|   ;
|   return 0;
| }
configure:4760: g++ -c -g -O2  conftest.cc >&5
conftest.cc:10:40: error: 'void std::exit(int)' should have been declared inside 'std'
configure:4766: $? = 1
configure: failed program was:
| /* confdefs.h.  */
| 
| #define PACKAGE_NAME ""
| #define PACKAGE_TARNAME ""
| #define PACKAGE_VERSION ""
| #define PACKAGE_STRING ""
| #define PACKAGE_BUGREPORT ""
| #define X_DISPLAY_MISSING 1
| /* end confdefs.h.  */
| extern "C" void std::exit (int) throw (); using std::exit;
| #include <stdlib.h>
| int
| main ()
| {
| exit (42);
|   ;
|   return 0;
| }
configure:4760: g++ -c -g -O2  conftest.cc >&5
conftest.cc:10:31: error: 'void std::exit(int)' should have been declared inside 'std'
In file included from conftest.cc:11:0:
/usr/include/stdlib.h:544:70: error: declaration of 'void std::exit(int) throw ()' has a different exception specifier
conftest.cc:10:17: error: from previous declaration 'void std::exit(int)'
configure:4766: $? = 1
configure: failed program was:
| /* confdefs.h.  */
| 
| #define PACKAGE_NAME ""
| #define PACKAGE_TARNAME ""
| #define PACKAGE_VERSION ""
| #define PACKAGE_STRING ""
| #define PACKAGE_BUGREPORT ""
| #define X_DISPLAY_MISSING 1
| /* end confdefs.h.  */
| extern "C" void std::exit (int); using std::exit;
| #include <stdlib.h>
| int
| main ()
| {
| exit (42);
|   ;
|   return 0;
| }
configure:4760: g++ -c -g -O2  conftest.cc >&5
configure:4766: $? = 0
configure:4770: test -z 
			 || test ! -s conftest.err
configure:4773: $? = 0
configure:4776: test -s conftest.o
configure:4779: $? = 0
configure:4805: g++ -c -g -O2  conftest.cc >&5
configure:4811: $? = 0
configure:4815: test -z 
			 || test ! -s conftest.err
configure:4818: $? = 0
configure:4821: test -s conftest.o
configure:4824: $? = 0
configure:4849: checking dependency style of g++
configure:4934: result: gcc3
configure:4997: checking for gcc
configure:5023: result: gcc
configure:5267: checking for C compiler version
configure:5270: gcc --version </dev/null >&5
gcc (Ubuntu/Linaro 4.6.1-9ubuntu3) 4.6.1
Copyright (C) 2011 Free Software Foundation, Inc.
This is free software; see the source for copying conditions.  There is NO
warranty; not even for MERCHANTABILITY or FITNESS FOR A PARTICULAR PURPOSE.

configure:5273: $? = 0
configure:5275: gcc -v </dev/null >&5
Using built-in specs.
COLLECT_GCC=gcc
COLLECT_LTO_WRAPPER=/usr/lib/gcc/x86_64-linux-gnu/4.6.1/lto-wrapper
Target: x86_64-linux-gnu
Configured with: ../src/configure -v --with-pkgversion='Ubuntu/Linaro 4.6.1-9ubuntu3' --with-bugurl=file:///usr/share/doc/gcc-4.6/README.Bugs --enable-languages=c,c++,fortran,objc,obj-c++,go --prefix=/usr --program-suffix=-4.6 --enable-shared --enable-linker-build-id --with-system-zlib --libexecdir=/usr/lib --without-included-gettext --enable-threads=posix --with-gxx-include-dir=/usr/include/c++/4.6 --libdir=/usr/lib --enable-nls --with-sysroot=/ --enable-clocale=gnu --enable-libstdcxx-debug --enable-libstdcxx-time=yes --enable-plugin --enable-objc-gc --disable-werror --with-arch-32=i686 --with-tune=generic --enable-checking=release --build=x86_64-linux-gnu --host=x86_64-linux-gnu --target=x86_64-linux-gnu
Thread model: posix
gcc version 4.6.1 (Ubuntu/Linaro 4.6.1-9ubuntu3) 
configure:5278: $? = 0
configure:5280: gcc -V </dev/null >&5
gcc: error: unrecognized option '-V'
gcc: fatal error: no input files
compilation terminated.
configure:5283: $? = 4
configure:5286: checking whether we are using the GNU C compiler
configure:5342: result: yes
configure:5348: checking whether gcc accepts -g
configure:5399: result: yes
configure:5416: checking for gcc option to accept ANSI C
configure:5523: result: none needed
configure:5541: gcc -c -g -O2  conftest.c >&5
conftest.c:2:3: error: unknown type name 'choke'
conftest.c:2:3: error: expected '=', ',', ';', 'asm' or '__attribute__' at end of input
configure:5547: $? = 1
configure: failed program was:
| #ifndef __cplusplus
|   choke me
| #endif
configure:5682: checking dependency style of gcc
configure:5767: result: gcc3
configure:5803: checking for a BSD-compatible install
configure:5858: result: /usr/bin/install -c
configure:5869: checking whether make sets $(MAKE)
configure:5889: result: yes
configure:5899: checking whether byte ordering is bigendian
configure:5926: gcc -c -g -O2  conftest.c >&5
configure:5932: $? = 0
configure:5936: test -z 
			 || test ! -s conftest.err
configure:5939: $? = 0
configure:5942: test -s conftest.o
configure:5945: $? = 0
configure:5969: gcc -c -g -O2  conftest.c >&5
conftest.c: In function 'main':
conftest.c:20:2: error: unknown type name 'not'
conftest.c:20:10: error: expected '=', ',', ';', 'asm' or '__attribute__' before 'endian'
configure:5975: $? = 1
configure: failed program was:
| /* confdefs.h.  */
| 
| #define PACKAGE_NAME ""
| #define PACKAGE_TARNAME ""
| #define PACKAGE_VERSION ""
| #define PACKAGE_STRING ""
| #define PACKAGE_BUGREPORT ""
| #define X_DISPLAY_MISSING 1
| #ifdef __cplusplus
| extern "C" void exit (int) throw ();
| #endif
| /* end confdefs.h.  */
| #include <sys/types.h>
| #include <sys/param.h>
| 
| int
| main ()
| {
| #if BYTE_ORDER != BIG_ENDIAN
|  not big endian
| #endif
| 
|   ;
|   return 0;
| }
configure:6110: result: no
configure:6131: checking for OpenGL directory
configure:6141: result: not found
configure:6152: checking for SDL directory
configure:6162: result: not found
configure:6173: checking for egrep
configure:6183: result: grep -E
configure:6188: checking for ANSI C header files
configure:6213: gcc -c -g -O2  conftest.c >&5
configure:6219: $? = 0
configure:6223: test -z 
			 || test ! -s conftest.err
configure:6226: $? = 0
configure:6229: test -s conftest.o
configure:6232: $? = 0
configure:6321: gcc -o conftest -g -O2   -lm -lGL -lGLU -lglut conftest.c  -L/usr/X11R6/lib >&5
conftest.c: In function 'main':
conftest.c:30:7: warning: incompatible implicit declaration of built-in function 'exit' [enabled by default]
/usr/bin/ld: cannot find -lGL
/usr/bin/ld: cannot find -lGLU
/usr/bin/ld: cannot find -lglut
collect2: ld returned 1 exit status
configure:6324: $? = 1
configure: program exited with status 1
configure: failed program was:
| /* confdefs.h.  */
| 
| #define PACKAGE_NAME ""
| #define PACKAGE_TARNAME ""
| #define PACKAGE_VERSION ""
| #define PACKAGE_STRING ""
| #define PACKAGE_BUGREPORT ""
| #define X_DISPLAY_MISSING 1
| #ifdef __cplusplus
| extern "C" void exit (int) throw ();
| #endif
| /* end confdefs.h.  */
| #include <ctype.h>
| #if ((' ' & 0x0FF) == 0x020)
| # define ISLOWER(c) ('a' <= (c) && (c) <= 'z')
| # define TOUPPER(c) (ISLOWER(c) ? 'A' + ((c) - 'a') : (c))
| #else
| # define ISLOWER(c) 		   (('a' <= (c) && (c) <= 'i') 		     || ('j' <= (c) && (c) <= 'r') 		     || ('s' <= (c) && (c) <= 'z'))
| # define TOUPPER(c) (ISLOWER(c) ? ((c) | 0x40) : (c))
| #endif
| 
| #define XOR(e, f) (((e) && !(f)) || (!(e) && (f)))
| int
| main ()
| {
|   int i;
|   for (i = 0; i < 256; i++)
|     if (XOR (islower (i), ISLOWER (i))
| 	|| toupper (i) != TOUPPER (i))
|       exit(2);
|   exit (0);
| }
configure:6344: result: no
configure:6368: checking for sys/types.h
configure:6384: gcc -c -g -O2  conftest.c >&5
configure:6390: $? = 0
configure:6394: test -z 
			 || test ! -s conftest.err
configure:6397: $? = 0
configure:6400: test -s conftest.o
configure:6403: $? = 0
configure:6414: result: yes
configure:6368: checking for sys/stat.h
configure:6384: gcc -c -g -O2  conftest.c >&5
configure:6390: $? = 0
configure:6394: test -z 
			 || test ! -s conftest.err
configure:6397: $? = 0
configure:6400: test -s conftest.o
configure:6403: $? = 0
configure:6414: result: yes
configure:6368: checking for stdlib.h
configure:6384: gcc -c -g -O2  conftest.c >&5
configure:6390: $? = 0
configure:6394: test -z 
			 || test ! -s conftest.err
configure:6397: $? = 0
configure:6400: test -s conftest.o
configure:6403: $? = 0
configure:6414: result: yes
configure:6368: checking for string.h
configure:6384: gcc -c -g -O2  conftest.c >&5
configure:6390: $? = 0
configure:6394: test -z 
			 || test ! -s conftest.err
configure:6397: $? = 0
configure:6400: test -s conftest.o
configure:6403: $? = 0
configure:6414: result: yes
configure:6368: checking for memory.h
configure:6384: gcc -c -g -O2  conftest.c >&5
configure:6390: $? = 0
configure:6394: test -z 
			 || test ! -s conftest.err
configure:6397: $? = 0
configure:6400: test -s conftest.o
configure:6403: $? = 0
configure:6414: result: yes
configure:6368: checking for strings.h
configure:6384: gcc -c -g -O2  conftest.c >&5
configure:6390: $? = 0
configure:6394: test -z 
			 || test ! -s conftest.err
configure:6397: $? = 0
configure:6400: test -s conftest.o
configure:6403: $? = 0
configure:6414: result: yes
configure:6368: checking for inttypes.h
configure:6384: gcc -c -g -O2  conftest.c >&5
configure:6390: $? = 0
configure:6394: test -z 
			 || test ! -s conftest.err
configure:6397: $? = 0
configure:6400: test -s conftest.o
configure:6403: $? = 0
configure:6414: result: yes
configure:6368: checking for stdint.h
configure:6384: gcc -c -g -O2  conftest.c >&5
configure:6390: $? = 0
configure:6394: test -z 
			 || test ! -s conftest.err
configure:6397: $? = 0
configure:6400: test -s conftest.o
configure:6403: $? = 0
configure:6414: result: yes
configure:6368: checking for unistd.h
configure:6384: gcc -c -g -O2  conftest.c >&5
configure:6390: $? = 0
configure:6394: test -z 
			 || test ! -s conftest.err
configure:6397: $? = 0
configure:6400: test -s conftest.o
configure:6403: $? = 0
configure:6414: result: yes
configure:6436: checking GL/gl.h usability
configure:6448: gcc -c -g -O2  conftest.c >&5
conftest.c:56:19: fatal error: GL/gl.h: No such file or directory
compilation terminated.
configure:6454: $? = 1
configure: failed program was:
| /* confdefs.h.  */
| 
| #define PACKAGE_NAME ""
| #define PACKAGE_TARNAME ""
| #define PACKAGE_VERSION ""
| #define PACKAGE_STRING ""
| #define PACKAGE_BUGREPORT ""
| #define X_DISPLAY_MISSING 1
| #ifdef __cplusplus
| extern "C" void exit (int) throw ();
| #endif
| #define HAVE_SYS_TYPES_H 1
| #define HAVE_SYS_STAT_H 1
| #define HAVE_STDLIB_H 1
| #define HAVE_STRING_H 1
| #define HAVE_MEMORY_H 1
| #define HAVE_STRINGS_H 1
| #define HAVE_INTTYPES_H 1
| #define HAVE_STDINT_H 1
| #define HAVE_UNISTD_H 1
| /* end confdefs.h.  */
| #include <stdio.h>
| #if HAVE_SYS_TYPES_H
| # include <sys/types.h>
| #endif
| #if HAVE_SYS_STAT_H
| # include <sys/stat.h>
| #endif
| #if STDC_HEADERS
| # include <stdlib.h>
| # include <stddef.h>
| #else
| # if HAVE_STDLIB_H
| #  include <stdlib.h>
| # endif
| #endif
| #if HAVE_STRING_H
| # if !STDC_HEADERS && HAVE_MEMORY_H
| #  include <memory.h>
| # endif
| # include <string.h>
| #endif
| #if HAVE_STRINGS_H
| # include <strings.h>
| #endif
| #if HAVE_INTTYPES_H
| # include <inttypes.h>
| #else
| # if HAVE_STDINT_H
| #  include <stdint.h>
| # endif
| #endif
| #if HAVE_UNISTD_H
| # include <unistd.h>
| #endif
| #include <GL/gl.h>
configure:6477: result: no
configure:6481: checking GL/gl.h presence
configure:6491: gcc -E  conftest.c
conftest.c:22:19: fatal error: GL/gl.h: No such file or directory
compilation terminated.
configure:6497: $? = 1
configure: failed program was:
| /* confdefs.h.  */
| 
| #define PACKAGE_NAME ""
| #define PACKAGE_TARNAME ""
| #define PACKAGE_VERSION ""
| #define PACKAGE_STRING ""
| #define PACKAGE_BUGREPORT ""
| #define X_DISPLAY_MISSING 1
| #ifdef __cplusplus
| extern "C" void exit (int) throw ();
| #endif
| #define HAVE_SYS_TYPES_H 1
| #define HAVE_SYS_STAT_H 1
| #define HAVE_STDLIB_H 1
| #define HAVE_STRING_H 1
| #define HAVE_MEMORY_H 1
| #define HAVE_STRINGS_H 1
| #define HAVE_INTTYPES_H 1
| #define HAVE_STDINT_H 1
| #define HAVE_UNISTD_H 1
| /* end confdefs.h.  */
| #include <GL/gl.h>
configure:6517: result: no
configure:6552: checking for GL/gl.h
configure:6559: result: no
configure:6569: error: gl.h not found - please install OpenGL- or Mesa-devel

## ---------------- ##
## Cache variables. ##
## ---------------- ##

ac_cv_c_bigendian=no
ac_cv_c_compiler_gnu=yes
ac_cv_cxx_compiler_gnu=yes
ac_cv_env_CC_set=
ac_cv_env_CC_value=
ac_cv_env_CFLAGS_set=
ac_cv_env_CFLAGS_value=
ac_cv_env_CPPFLAGS_set=
ac_cv_env_CPPFLAGS_value=
ac_cv_env_CPP_set=
ac_cv_env_CPP_value=
ac_cv_env_CXXFLAGS_set=
ac_cv_env_CXXFLAGS_value=
ac_cv_env_CXX_set=
ac_cv_env_CXX_value=
ac_cv_env_LDFLAGS_set=
ac_cv_env_LDFLAGS_value=
ac_cv_env_build_alias_set=
ac_cv_env_build_alias_value=
ac_cv_env_host_alias_set=
ac_cv_env_host_alias_value=
ac_cv_env_target_alias_set=
ac_cv_env_target_alias_value=
ac_cv_exeext=
ac_cv_have_x=have_x=no
ac_cv_header_GL_gl_h=no
ac_cv_header_inttypes_h=yes
ac_cv_header_memory_h=yes
ac_cv_header_stdc=no
ac_cv_header_stdint_h=yes
ac_cv_header_stdlib_h=yes
ac_cv_header_string_h=yes
ac_cv_header_strings_h=yes
ac_cv_header_sys_stat_h=yes
ac_cv_header_sys_types_h=yes
ac_cv_header_unistd_h=yes
ac_cv_objext=o
ac_cv_path_install='/usr/bin/install -c'
ac_cv_prog_AWK=mawk
ac_cv_prog_CPP='gcc -E'
ac_cv_prog_ac_ct_CC=gcc
ac_cv_prog_ac_ct_CXX=g++
ac_cv_prog_cc_g=yes
ac_cv_prog_cc_stdc=
ac_cv_prog_cxx_g=yes
ac_cv_prog_egrep='grep -E'
ac_cv_prog_make_make_set=yes
am_cv_CC_dependencies_compiler_type=gcc3
am_cv_CXX_dependencies_compiler_type=gcc3

## ----------------- ##
## Output variables. ##
## ----------------- ##

ACLOCAL='${SHELL} /home/looterguf/Downloads/gl-117-1.3.2-src/missing --run aclocal-1.8'
AMDEPBACKSLASH='\'
AMDEP_FALSE='#'
AMDEP_TRUE=''
AMTAR='${SHELL} /home/looterguf/Downloads/gl-117-1.3.2-src/missing --run tar'
AUTOCONF='${SHELL} /home/looterguf/Downloads/gl-117-1.3.2-src/missing --run autoconf'
AUTOHEADER='${SHELL} /home/looterguf/Downloads/gl-117-1.3.2-src/missing --run autoheader'
AUTOMAKE='${SHELL} /home/looterguf/Downloads/gl-117-1.3.2-src/missing --run automake-1.8'
AWK='mawk'
CC='gcc'
CCDEPMODE='depmode=gcc3'
CFLAGS='-g -O2'
CPP='gcc -E'
CPPFLAGS=''
CXX='g++'
CXXDEPMODE='depmode=gcc3'
CXXFLAGS='-g -O2'
CYGPATH_W='echo'
DEFS=''
DEPDIR='.deps'
ECHO_C=''
ECHO_N='-n'
ECHO_T=''
EGREP='grep -E'
EXEEXT=''
INSTALL_DATA='${INSTALL} -m 644'
INSTALL_PROGRAM='${INSTALL}'
INSTALL_SCRIPT='${INSTALL}'
INSTALL_STRIP_PROGRAM='${SHELL} $(install_sh) -c -s'
LDFLAGS=' -lm -lGL -lGLU -lglut'
LIBOBJS=''
LIBS=' -L/usr/X11R6/lib'
LTLIBOBJS=''
MAKEINFO='${SHELL} /home/looterguf/Downloads/gl-117-1.3.2-src/missing --run makeinfo'
OBJEXT='o'
PACKAGE='gl-117'
PACKAGE_BUGREPORT=''
PACKAGE_NAME=''
PACKAGE_STRING=''
PACKAGE_TARNAME=''
PACKAGE_VERSION=''
PATH_SEPARATOR=':'
SET_MAKE=''
SHELL='/bin/bash'
STRIP=''
VERSION='1.0'
X_CFLAGS=''
X_EXTRA_LIBS=''
X_LIBS=''
X_PRE_LIBS=''
ac_ct_CC='gcc'
ac_ct_CXX='g++'
ac_ct_STRIP=''
am__fastdepCC_FALSE='#'
am__fastdepCC_TRUE=''
am__fastdepCXX_FALSE='#'
am__fastdepCXX_TRUE=''
am__include='include'
am__leading_dot='.'
am__quote=''
bindir='${exec_prefix}/bin'
build_alias=''
datadir='${prefix}/share'
exec_prefix='NONE'
host_alias=''
includedir='${prefix}/include'
infodir='${prefix}/info'
install_sh='/home/looterguf/Downloads/gl-117-1.3.2-src/install-sh'
libdir='${exec_prefix}/lib'
libexecdir='${exec_prefix}/libexec'
localstatedir='${prefix}/var'
mandir='${prefix}/man'
mkdir_p='mkdir -p -- .'
oldincludedir='/usr/include'
prefix='NONE'
program_transform_name='s,x,x,'
sbindir='${exec_prefix}/sbin'
sharedstatedir='${prefix}/com'
sysconfdir='${prefix}/etc'
target_alias=''

## ----------- ##
## confdefs.h. ##
## ----------- ##

#define HAVE_INTTYPES_H 1
#define HAVE_MEMORY_H 1
#define HAVE_STDINT_H 1
#define HAVE_STDLIB_H 1
#define HAVE_STRINGS_H 1
#define HAVE_STRING_H 1
#define HAVE_SYS_STAT_H 1
#define HAVE_SYS_TYPES_H 1
#define HAVE_UNISTD_H 1
#define PACKAGE_BUGREPORT ""
#define PACKAGE_NAME ""
#define PACKAGE_STRING ""
#define PACKAGE_TARNAME ""
#define PACKAGE_VERSION ""
#define X_DISPLAY_MISSING 1
#endif
#ifdef __cplusplus
extern "C" void exit (int) throw ();

configure: exit 1
